"../../../TestingGrounds/Content/Dynamic/Character/AI/Blueprint/GuardBehaviour_Data.uasset" 0
"../../../TestingGrounds/Content/Dynamic/Character/AI/Blueprint/Chase.uasset" 1
"../../../TestingGrounds/Content/Dynamic/Character/AI/Blueprint/SetFocus.uasset" 2
"../../../TestingGrounds/Content/Static/NPC/Character/UE4_Mannequin/Mesh/UE4_Mannequin_Skeleton.uasset" 3
"../../../TestingGrounds/Content/Dynamic/Character/Animations/AimOffset/Aim_Space_Ironsights.uasset" 4
"../../../TestingGrounds/Content/Dynamic/Character/Animations/TP_AnimationClips/Aim_Space_Hip.uasset" 5
"../../../TestingGrounds/Content/Dynamic/Character/Animations/TP_AnimationClips/Crouch_Idle_Rifle_Ironsights.uasset" 6
"../../../TestingGrounds/Content/Dynamic/Character/Animations/TP_AnimationClips/Crouch_to_Stand_Rifle_Hip.uasset" 7
"../../../TestingGrounds/Content/Dynamic/Character/Animations/TP_AnimationClips/Crouch_to_Stand_Rifle_Ironsights.uasset" 8
"../../../TestingGrounds/Content/Dynamic/Character/Animations/TP_AnimationClips/Crouch_Walk_Bwd_Rifle_Ironsights.uasset" 9
"../../../TestingGrounds/Content/Dynamic/Character/Animations/TP_AnimationClips/Crouch_Walk_Fwd_Rifle_Ironsights.uasset" 10
"../../../TestingGrounds/Content/Dynamic/Character/Animations/TP_AnimationClips/Crouch_Walk_Lt_Rifle_Ironsights.uasset" 11
"../../../TestingGrounds/Content/Dynamic/Character/Animations/TP_AnimationClips/Crouch_Walk_Rt_Rifle_Ironsights.uasset" 12
"../../../TestingGrounds/Content/Dynamic/Character/Animations/TP_AnimationClips/Death_1.uasset" 13
"../../../TestingGrounds/Content/Dynamic/Character/Animations/TP_AnimationClips/Death_2.uasset" 14
"../../../TestingGrounds/Content/Dynamic/Character/Animations/TP_AnimationClips/Death_3.uasset" 15
"../../../TestingGrounds/Content/Dynamic/Character/Animations/TP_AnimationClips/Death_Ironsights_1.uasset" 16
"../../../TestingGrounds/Content/Dynamic/Character/Animations/TP_AnimationClips/Death_Ironsights_2.uasset" 17
"../../../TestingGrounds/Content/Dynamic/Character/Animations/TP_AnimationClips/Equip_Pistol_Standing.uasset" 18
"../../../TestingGrounds/Content/Dynamic/Character/Animations/TP_AnimationClips/Equip_Rifle_Standing.uasset" 19
"../../../TestingGrounds/Content/Dynamic/Character/Animations/TP_AnimationClips/Fire_Rifle_Hip.uasset" 20
"../../../TestingGrounds/Content/Dynamic/Character/Animations/TP_AnimationClips/Fire_Rifle_IronsightsAdditive.uasset" 21
"../../../TestingGrounds/Content/Dynamic/Character/Animations/TP_AnimationClips/Fire_Rifle_Ironsights_Additive.uasset" 22
"../../../TestingGrounds/Content/Dynamic/Character/Animations/TP_AnimationClips/Fire_Shotgun_Hip.uasset" 23
"../../../TestingGrounds/Content/Dynamic/Character/Animations/TP_AnimationClips/Fire_Shotgun_Ironsights.uasset" 24
"../../../TestingGrounds/Content/Dynamic/Character/Animations/TP_AnimationClips/Hit_React_1.uasset" 25
"../../../TestingGrounds/Content/Dynamic/Character/Animations/TP_AnimationClips/Hit_React_2.uasset" 26
"../../../TestingGrounds/Content/Dynamic/Character/Animations/TP_AnimationClips/Hit_React_3.uasset" 27
"../../../TestingGrounds/Content/Dynamic/Character/Animations/TP_AnimationClips/Hit_React_4.uasset" 28
"../../../TestingGrounds/Content/Dynamic/Character/Animations/TP_AnimationClips/Idle_Pistol.uasset" 29
"../../../TestingGrounds/Content/Dynamic/Character/Animations/TP_AnimationClips/Idle_Rifle_Hip_Break1.uasset" 30
"../../../TestingGrounds/Content/Dynamic/Character/Animations/TP_AnimationClips/Idle_Rifle_Hip_Break2.uasset" 31
"../../../TestingGrounds/Content/Dynamic/Character/Animations/TP_AnimationClips/Jump_From_Stand_Ironsights.uasset" 32
"../../../TestingGrounds/Content/Dynamic/Character/Animations/TP_AnimationClips/Prone_Death_1.uasset" 33
"../../../TestingGrounds/Content/Dynamic/Character/Animations/TP_AnimationClips/Prone_Death_2.uasset" 34
"../../../TestingGrounds/Content/Dynamic/Character/Animations/TP_AnimationClips/Prone_Fire_1.uasset" 35
"../../../TestingGrounds/Content/Dynamic/Character/Animations/TP_AnimationClips/Prone_Fire_2.uasset" 36
"../../../TestingGrounds/Content/Dynamic/Character/Animations/TP_AnimationClips/Prone_Idle.uasset" 37
"../../../TestingGrounds/Content/Dynamic/Character/Animations/TP_AnimationClips/Prone_Reload_Rifle.uasset" 38
"../../../TestingGrounds/Content/Dynamic/Character/Animations/TP_AnimationClips/Prone_Reload_Shotgun.uasset" 39
"../../../TestingGrounds/Content/Dynamic/Character/Animations/TP_AnimationClips/Prone_To_Stand.uasset" 40
"../../../TestingGrounds/Content/Dynamic/Character/Animations/TP_AnimationClips/Reload_Pistol.uasset" 41
"../../../TestingGrounds/Content/Dynamic/Character/Animations/TP_AnimationClips/Reload_Rifle_Hip.uasset" 42
"../../../TestingGrounds/Content/Dynamic/Character/Animations/TP_AnimationClips/Reload_Rifle_Ironsights.uasset" 43
"../../../TestingGrounds/Content/Dynamic/Character/Animations/TP_AnimationClips/Reload_Shotgun_Hip.uasset" 44
"../../../TestingGrounds/Content/Dynamic/Character/Animations/TP_AnimationClips/Reload_Shotgun_Ironsights.uasset" 45
"../../../TestingGrounds/Content/Dynamic/Character/Animations/TP_AnimationClips/Sprint_Fwd_Rifle.uasset" 46
"../../../TestingGrounds/Content/Dynamic/Character/Animations/TP_AnimationClips/Stand_to_Crouch_Rifle_Hip.uasset" 47
"../../../TestingGrounds/Content/Dynamic/Character/Animations/TP_AnimationClips/Stand_to_Crouch_Rifle_Ironsights.uasset" 48
"../../../TestingGrounds/Content/Dynamic/Character/Animations/TP_AnimationClips/Stand_To_Prone.uasset" 49
"../../../Engine/Content/Functions/Engine_MaterialFunctions01/Opacity/CameraDepthFade.uasset" 50
"../../../Engine/Content/EngineMaterials/T_Default_Material_Grid_M.uasset" 51
"../../../Engine/Content/EngineMaterials/T_Default_Material_Grid_N.uasset" 52
"../../../Engine/Content/EngineMaterials/WorldGridMaterial.uasset" 53
"../../../Engine/Content/Functions/Engine_MaterialFunctions01/ImageAdjustment/BlurSampleOffsets.uasset" 54
"../../../Engine/Content/EngineDebugMaterials/HeatmapGradient.uasset" 55
"../../../Engine/Content/Functions/Engine_MaterialFunctions01/ImageAdjustment/CheapContrast_RGB.uasset" 56
"../../../Engine/Content/Functions/Engine_MaterialFunctions02/HueShift.uasset" 57
"../../../Engine/Content/Functions/Engine_MaterialFunctions02/Texturing/ScreenAlignedPixelToPixelUVs.uasset" 58
"../../../Engine/Content/Functions/Engine_MaterialFunctions02/Utility/BlendAngleCorrectedNormals.uasset" 59
"../../../Engine/Content/EngineMaterials/Good64x64TilingNoiseHighFreq.uasset" 60
"../../../Engine/Content/Functions/Engine_MaterialFunctions02/Utility/DitherTemporalAA.uasset" 61
"../../../TestingGrounds/Content/Static/TestingGroundPack/IndustryPropsPack4/Textures/BaseTextures/base_black_d.uasset" 62
"../../../TestingGrounds/Content/Static/TestingGroundPack/IndustryPropsPack4/Textures/BaseTextures/base_flat_n.uasset" 63
"../../../TestingGrounds/Content/Static/TestingGroundPack/IndustryPropsPack4/Textures/BaseTextures/base_gray_d.uasset" 64
"../../../TestingGrounds/Content/Static/TestingGroundPack/IndustryPropsPack4/Materials/BaseMaterial/bese_material.uasset" 65
"../../../TestingGrounds/Content/Static/TestingGroundPack/IndustryPropsPack4/Textures/TrashCan_D.uasset" 66
"../../../TestingGrounds/Content/Static/TestingGroundPack/IndustryPropsPack4/Textures/TrashCan_N.uasset" 67
"../../../TestingGrounds/Content/Static/TestingGroundPack/IndustryPropsPack4/Textures/TrashCan_SRM.uasset" 68
"../../../TestingGrounds/Content/Static/TestingGroundPack/IndustryPropsPack4/Materials/TrashCan.uasset" 69
"../../../TestingGrounds/Content/Static/TestingGroundPack/IndustryPropsPack4/Meshes/Sack1.uasset" 70
"../../../TestingGrounds/Content/Dynamic/Terrain/Props/BP_Sack.uasset" 71
"../../../TestingGrounds/Content/Static/Weapons/FPWeapon/Materials/M_Laser.uasset" 72
"../../../TestingGrounds/Content/Static/Player/Meshes/BaseMaterial.uasset" 73
"../../../TestingGrounds/Content/Static/Player/Meshes/FirstPersonProjectileMaterial.uasset" 74
"../../../TestingGrounds/Content/Static/Player/Meshes/FirstPersonProjectileMesh.uasset" 75
"../../../TestingGrounds/Content/Dynamic/Weapons/FP_Weapons/Behaviour/BP_FirstPersonProjectile.uasset" 76
"../../../TestingGrounds/Content/Dynamic/Weapons/FP_Weapons/Behaviour/BP_FireComp.uasset" 77
"../../../TestingGrounds/Content/Static/Geometry/Meshes/CubeMaterial.uasset" 78
"../../../TestingGrounds/Content/Static/Geometry/Meshes/1M_Cube_Chamfer.uasset" 79
"../../../TestingGrounds/Content/Static/Geometry/Meshes/RampMaterial.uasset" 80
"../../../TestingGrounds/Content/Static/Geometry/Meshes/Bump_StaticMesh.uasset" 81
"../../../TestingGrounds/Content/Static/Geometry/Meshes/LeftArm_StaticMesh.uasset" 82
"../../../TestingGrounds/Content/Static/Geometry/Meshes/Linear_Stair_StaticMesh.uasset" 83
"../../../TestingGrounds/Content/Static/Geometry/Meshes/Ramp_StaticMesh.uasset" 84
"../../../TestingGrounds/Content/Static/Geometry/Meshes/RightArm_StaticMesh.uasset" 85
"../../../TestingGrounds/Content/Static/Geometry/Meshes/TemplateFloor.uasset" 86
"../../../TestingGrounds/Content/Static/NPC/Character/Meshes/CubeMaterialOverride.uasset" 87
"../../../Engine/Content/Functions/MaterialLayerFunctions/MatLayerBlend_AO.uasset" 88
"../../../Engine/Content/Functions/MaterialLayerFunctions/MatLayerBlend_NormalBlend.uasset" 89
"../../../Engine/Content/Functions/MaterialLayerFunctions/MatLayerBlend_Simple.uasset" 90
"../../../TestingGrounds/Content/Static/NPC/Character/UE4_Mannequin/Materials/MaterialLayers/T_ML_Rubber_Blue_01_D.uasset" 91
"../../../TestingGrounds/Content/Static/NPC/Character/UE4_Mannequin/Materials/MaterialLayers/T_ML_Rubber_Blue_01_N.uasset" 92
"../../../TestingGrounds/Content/Static/NPC/Character/UE4_Mannequin/Materials/MaterialLayers/ML_GlossyBlack_Latex_UE4.uasset" 93
"../../../TestingGrounds/Content/Static/NPC/Character/UE4_Mannequin/Materials/MaterialLayers/ML_Plastic_Shiny_Beige.uasset" 94
"../../../TestingGrounds/Content/Static/NPC/Character/UE4_Mannequin/Textures/UE4_LOGO_CARD.uasset" 95
"../../../TestingGrounds/Content/Static/NPC/Character/UE4_Mannequin/Materials/MaterialLayers/ML_Plastic_Shiny_Beige_LOGO.uasset" 96
"../../../TestingGrounds/Content/Static/NPC/Character/UE4_Mannequin/Materials/MaterialLayers/T_ML_Aluminum01.uasset" 97
"../../../TestingGrounds/Content/Static/NPC/Character/UE4_Mannequin/Materials/MaterialLayers/T_ML_Aluminum01_N.uasset" 98
"../../../TestingGrounds/Content/Static/NPC/Character/UE4_Mannequin/Materials/MaterialLayers/ML_SoftMetal_UE4.uasset" 99
"../../../TestingGrounds/Content/Static/NPC/Character/UE4_Mannequin/Textures/UE4_Mannequin__normals.uasset" 100
"../../../TestingGrounds/Content/Static/NPC/Character/UE4_Mannequin/Textures/UE4_Mannequin_MAT_MASKA.uasset" 101
"../../../TestingGrounds/Content/Static/NPC/Character/UE4_Mannequin/Textures/UE4_Mannequin_occlusion_Mobile.uasset" 102
"../../../TestingGrounds/Content/Static/NPC/Character/UE4_Mannequin/Materials/M_UE4Man_Body.uasset" 103
"../../../TestingGrounds/Content/Static/NPC/Character/UE4_Mannequin/Materials/BlueBody.uasset" 104
"../../../TestingGrounds/Content/Static/NPC/Character/UE4_Mannequin/Materials/RedBdoy.uasset" 105
"../../../TestingGrounds/Content/Static/Player/Audio/FirstPersonTemplateWeaponFire02.uasset" 106
"../../../TestingGrounds/Content/Static/Player/Meshes/CubeMaterialOverride.uasset" 107
"../../../TestingGrounds/Content/Static/Player/Textures/FirstPersonCrosshair.uasset" 108
"../../../TestingGrounds/Content/Static/Weapons/FPWeapon/Materials/Barrier.uasset" 109
"../../../TestingGrounds/Content/Static/Player/Character/Textures/UE4_LOGO_CARD.uasset" 110
"../../../TestingGrounds/Content/Static/Weapons/FPWeapon/Materials/MaterialLayers/ML_Plastic_Shiny_Beige_LOGO.uasset" 111
"../../../TestingGrounds/Content/Static/Weapons/FPWeapon/Materials/MaterialLayers/T_ML_FineRubber.uasset" 112
"../../../TestingGrounds/Content/Static/Weapons/FPWeapon/Mesh/SK_FPGun_PhysicsAsset.uasset" 113
"../../../Engine/Content/EngineMaterials/DefaultMaterial.uasset" 114
"../../../Engine/Content/BasicShapes/Cone.uasset" 115
"../../../Engine/Content/BasicShapes/Cylinder.uasset" 116
"../../../Engine/Content/BasicShapes/Plane.uasset" 117
"../../../Engine/Content/BasicShapes/Sphere.uasset" 118
"../../../Engine/Content/EditorLandscapeResources/DataLayer.uasset" 119
"../../../Engine/Content/EditorMaterials/GizmoMaterial.uasset" 120
"../../../Engine/Content/EditorMaterials/MAT_Groups_Toggle.uasset" 121
"../../../Engine/Content/EditorMaterials/MAT_Groups_Visibility.uasset" 122
"../../../Engine/Content/EditorMaterials/PreviewShadowIndicator.uasset" 123
"../../../Engine/Content/EditorMaterials/PreviewShadowIndicatorMaterial.uasset" 124
"../../../Engine/Content/EditorMaterials/AssetViewer/EpicQuadPanorama_CC+EV1.uasset" 125
"../../../Engine/Content/EditorMaterials/MatineeGroups/MAT_ColorTrack.uasset" 126
"../../../Engine/Content/EditorMaterials/MatineeGroups/MAT_Groups_Anim.uasset" 127
"../../../Engine/Content/EditorMaterials/MatineeGroups/MAT_Groups_AudioMaster.uasset" 128
"../../../Engine/Content/EditorMaterials/MatineeGroups/MAT_Groups_Director.uasset" 129
"../../../Engine/Content/EditorMaterials/MatineeGroups/MAT_Groups_Event.uasset" 130
"../../../Engine/Content/EditorMaterials/MatineeGroups/MAT_Groups_Fade.uasset" 131
"../../../Engine/Content/EditorMaterials/MatineeGroups/MAT_Groups_Float.uasset" 132
"../../../Engine/Content/EditorMaterials/MatineeGroups/MAT_Groups_Move.uasset" 133
"../../../Engine/Content/EditorMaterials/MatineeGroups/MAT_Groups_Slomo.uasset" 134
"../../../Engine/Content/EditorMaterials/MatineeGroups/MAT_Groups_Sound.uasset" 135
"../../../Engine/Content/EditorMaterials/MatineeGroups/MAT_Groups_Vector.uasset" 136
"../../../Engine/Content/EditorMaterials/ParticleSystems/PSysThumbnail_NoImage.uasset" 137
"../../../Engine/Content/EditorMaterials/ParticleSystems/PSysThumbnail_OOD.uasset" 138
"../../../Engine/Content/EditorMaterials/Camera/CineMat.uasset" 139
"../../../Engine/Content/EditorMaterials/Camera/MI_CineMat_Rig.uasset" 140
"../../../Engine/Content/EditorMeshes/Camera/SM_CraneRig_Arm.uasset" 141
"../../../Engine/Content/EditorMeshes/Camera/SM_CraneRig_Base.uasset" 142
"../../../Engine/Content/EditorMeshes/Camera/SM_CraneRig_Body.uasset" 143
"../../../Engine/Content/EditorMeshes/Camera/SM_CraneRig_Mount.uasset" 144
"../../../Engine/Content/EditorMeshes/Camera/SM_RailRig_Mount.uasset" 145
"../../../Engine/Content/EditorMeshes/Camera/SM_RailRig_Track.uasset" 146
"../../../Engine/Content/EditorMeshes/ColorCalibrator/M_ChromeBall.uasset" 147
"../../../Engine/Content/EditorMeshes/ColorCalibrator/M_ClearCoat.uasset" 148
"../../../Engine/Content/EditorMeshes/ColorCalibrator/M_ClearCoatBlack.uasset" 149
"../../../Engine/Content/EditorMeshes/ColorCalibrator/T_ColorGrid.uasset" 150
"../../../Engine/Content/EditorMeshes/ColorCalibrator/M_ColorGrid.uasset" 151
"../../../Engine/Content/EditorMeshes/ColorCalibrator/M_GreyBall.uasset" 152
"../../../Engine/Content/EditorMeshes/ColorCalibrator/SM_ColorCalibrator.uasset" 153
"../../../Engine/Content/EditorResources/BSPVertex.uasset" 154
"../../../Engine/Content/EditorResources/EmptyActor.uasset" 155
"../../../Engine/Content/EditorResources/S_Actor.uasset" 156
"../../../Engine/Content/EditorResources/S_Trigger.uasset" 157
"../../../Engine/Content/EditorResources/AudioIcons/S_AudioComponent_AutoActivate.uasset" 158
"../../../Engine/Content/EditorResources/LightIcons/S_LightError.uasset" 159
"../../../Engine/Content/EditorResources/SequenceRecorder/Countdown.uasset" 160
"../../../Engine/Content/EditorResources/SequenceRecorder/RecordingIndicator.uasset" 161
"../../../Engine/Content/EditorSounds/Notifications/CompileFailed.uasset" 162
"../../../Engine/Content/EditorSounds/Notifications/CompileFailed_Cue.uasset" 163
"../../../Engine/Content/EditorSounds/Notifications/CompileSuccess.uasset" 164
"../../../Engine/Content/EditorSounds/Notifications/CompileStart_Cue.uasset" 165
"../../../Engine/Content/EditorSounds/Notifications/CompileSuccess_Cue.uasset" 166
"../../../Engine/Content/EngineDamageTypes/DmgTypeBP_Environmental.uasset" 167
"../../../Engine/Content/EngineDebugMaterials/BoneWeightMaterial.uasset" 168
"../../../Engine/Content/EngineDebugMaterials/ClothMaterial.uasset" 169
"../../../Engine/Content/EngineDebugMaterials/ClothMaterial_WF.uasset" 170
"../../../Engine/Content/EngineDebugMaterials/DebugEditorMaterial.uasset" 171
"../../../Engine/Content/EngineDebugMaterials/DebugMeshMaterial.uasset" 172
"../../../Engine/Content/EngineDebugMaterials/GeomMaterial.uasset" 173
"../../../Engine/Content/EngineFonts/Faces/RobotoBold.uasset" 174
"../../../Engine/Content/EngineFonts/Faces/RobotoBoldItalic.uasset" 175
"../../../Engine/Content/EngineFonts/Faces/RobotoItalic.uasset" 176
"../../../Engine/Content/EngineFonts/Faces/RobotoLight.uasset" 177
"../../../Engine/Content/EngineFonts/Faces/RobotoRegular.uasset" 178
"../../../Engine/Content/EngineFonts/Roboto.uasset" 179
"../../../Engine/Content/EngineFonts/Faces/RobotoTiny.uasset" 180
"../../../Engine/Content/EngineFonts/RobotoTiny.uasset" 181
"../../../Engine/Content/EngineMaterials/DefaultBloomKernel.uasset" 182
"../../../Engine/Content/EngineMaterials/DefaultBokeh.uasset" 183
"../../../Engine/Content/EngineMaterials/DefaultDiffuse.uasset" 184
"../../../Engine/Content/EngineMaterials/DefaultDeferredDecalMaterial.uasset" 185
"../../../Engine/Content/EngineMaterials/DefaultLightFunctionMaterial.uasset" 186
"../../../Engine/Content/EngineMaterials/DefaultPhysicalMaterial.uasset" 187
"../../../Engine/Content/Functions/Engine_MaterialFunctions02/Utility/BreakOutFloat2Components.uasset" 188
"../../../Engine/Content/EngineMaterials/DefaultPostProcessMaterial.uasset" 189
"../../../Engine/Content/EngineFonts/RobotoDistanceField.uasset" 190
"../../../Engine/Content/EngineMaterials/DefaultTextMaterialOpaque.uasset" 191
"../../../Engine/Content/EngineMaterials/DefaultWhiteGrid.uasset" 192
"../../../Engine/Content/EngineMaterials/EditorBrushMaterial.uasset" 193
"../../../Engine/Content/EngineMaterials/MiniFont.uasset" 194
"../../../Engine/Content/EngineMaterials/InvalidLightmapSettings.uasset" 195
"../../../Engine/Content/EngineMaterials/M_InvalidLightmapSettings.uasset" 196
"../../../Engine/Content/EngineMaterials/PhAT_JointLimitMaterial.uasset" 197
"../../../Engine/Content/EngineMaterials/PreintegratedSkinBRDF.uasset" 198
"../../../Engine/Content/EngineMaterials/RemoveSurfaceMaterial.uasset" 199
"../../../Engine/Content/EngineMaterials/WeightMapPlaceholderTexture.uasset" 200
"../../../Engine/Content/EngineResources/WhiteSquareTexture.uasset" 201
"../../../Engine/Content/EngineMaterials/Widget3DPassThrough.uasset" 202
"../../../Engine/Content/EngineMaterials/Widget3DPassThrough_Masked.uasset" 203
"../../../Engine/Content/EngineMaterials/Widget3DPassThrough_Opaque.uasset" 204
"../../../Engine/Content/EngineMaterials/Widget3DPassThrough_Masked_OneSided.uasset" 205
"../../../Engine/Content/EngineMaterials/Widget3DPassThrough_Opaque_OneSided.uasset" 206
"../../../Engine/Content/EngineMaterials/Widget3DPassThrough_Translucent.uasset" 207
"../../../Engine/Content/EngineMaterials/Widget3DPassThrough_Translucent_OneSided.uasset" 208
"../../../Engine/Content/EngineMeshes/Cube.uasset" 209
"../../../Engine/Content/EngineMeshes/Cylinder.uasset" 210
"../../../Engine/Content/EngineMeshes/Sphere.uasset" 211
"../../../Engine/Content/EngineResources/Black.uasset" 212
"../../../Engine/Content/EngineResources/DefaultTexture.uasset" 213
"../../../Engine/Content/EngineResources/DefaultTextureCube.uasset" 214
"../../../Engine/Content/EngineResources/GradientTexture0.uasset" 215
"../../../Engine/Content/EngineSounds/Master.uasset" 216
"../../../Engine/Content/Functions/Engine_MaterialFunctions01/Shading/ConvertFromDiffSpec.uasset" 217
"../../../Engine/Content/Functions/Engine_MaterialFunctions01/Shading/PowerToRoughness.uasset" 218
"../../../Engine/Content/Maps/Templates/Thumbnails/Default.uasset" 219
"../../../Engine/Content/Maps/Templates/Thumbnails/VR-Basic.uasset" 220
"../../../Engine/Content/MobileResources/T_MobileControls_texture.uasset" 221
"../../../Engine/Content/MobileResources/T_MobileMenu2.uasset" 222
"../../../Engine/Content/MobileResources/HUD/AnalogHat.uasset" 223
"../../../Engine/Content/MobileResources/HUD/VirtualJoystick_Background.uasset" 224
"../../../Engine/Content/MobileResources/HUD/VirtualJoystick_Thumb.uasset" 225
"../../../Engine/Content/MobileResources/HUD/DefaultVirtualJoysticks.uasset" 226
"../../../Engine/Content/MobileResources/HUD/LeftVirtualJoystickOnly.uasset" 227
"../../../Engine/Content/MobileResources/HUD/MobileHUDButton1_off.uasset" 228
"../../../Engine/Content/MobileResources/HUD/MobileHUDButton1_on.uasset" 229
"../../../Engine/Content/MobileResources/HUD/MobileHUDButton2_off.uasset" 230
"../../../Engine/Content/MobileResources/HUD/MobileHUDButton2_on.uasset" 231
"../../../Engine/Content/MobileResources/HUD/MobileHUDButton3.uasset" 232
"../../../Engine/Content/MobileResources/HUD/MobileHUDButtonFire.uasset" 233
"../../../Engine/Content/MobileResources/HUD/MobileHUDDirectionPad.uasset" 234
"../../../Engine/Content/MobileResources/HUD/MobileHUDDirectionPad2.uasset" 235
"../../../Engine/Content/MobileResources/HUD/MobileHUDDirectionPad3.uasset" 236
"../../../Engine/Content/MobileResources/HUD/MobileHUDDirectionStick.uasset" 237
"../../../Engine/Content/MobileResources/HUD/T_Castle_ThumbstickInner.uasset" 238
"../../../Engine/Content/MobileResources/HUD/T_Castle_ThumbstickOutter.uasset" 239
"../../../Engine/Content/Tutorial/ContentIntroCurve.uasset" 240
"../../../Engine/Content/Tutorial/Basics/TutorialAssets/icon_tab_Levels_40x.uasset" 241
"../../../Engine/Content/Tutorial/BlueprintTutorials/TutorialAssets/BlueprintInterface_64x.uasset" 242
"../../../Engine/Content/Tutorial/BlueprintTutorials/TutorialAssets/BlueprintMacroLibrary_64x.uasset" 243
"../../../Engine/Content/Tutorial/BlueprintTutorials/TutorialAssets/Blueprint_64x.uasset" 244
"../../../Engine/Content/Tutorial/BlueprintTutorials/TutorialAssets/Tutorial_BP_Interface.uasset" 245
"../../../Engine/Content/Tutorial/Foliage/TutorialAssets/Foliage.uasset" 246
"../../../Engine/Content/Tutorial/Landscape/TutorialAssets/Landscape.uasset" 247
"../../../Engine/Content/Tutorial/Paper2D/TutorialAssets/Paper2DFlipbook_TutorialIcon.uasset" 248
"../../../Engine/Content/Tutorial/Paper2D/TutorialAssets/Paper2DSprite_TutorialIcon.uasset" 249
"../../../Engine/Content/Tutorial/SubEditors/TutorialAssets/icon_Editor_Preferences_General_40x.uasset" 250
"../../../Engine/Content/Tutorial/SubEditors/TutorialAssets/icon_ShowSkeletalMeshes_40x.uasset" 251
"../../../Engine/Content/Tutorial/SubEditors/TutorialAssets/TutorialMaterial.uasset" 252
"../../../Engine/Content/Tutorial/SubEditors/TutorialAssets/T_SmokeSubUV_8X8.uasset" 253
"../../../Engine/Content/Tutorial/SubEditors/TutorialAssets/T_soft_smoke.uasset" 254
"../../../Engine/Content/Tutorial/SubEditors/TutorialAssets/M_smoke_subUV_blackbody.uasset" 255
"../../../Engine/Content/Tutorial/SubEditors/TutorialAssets/TutorialParticleSystem.uasset" 256
"../../../Engine/Content/EditorMeshes/EditorCube.uasset" 257
"../../../Engine/Content/Tutorial/SubEditors/TutorialAssets/Tutorial_DM.uasset" 258
"../../../Engine/Content/VREditor/Devices/Generic/GenericHMDMaterial.uasset" 259
"../../../Engine/Content/VREditor/Devices/Generic/GenericHMD.uasset" 260
"../../../Engine/Content/VREditor/FloatingText/LineMaterial.uasset" 261
"../../../Engine/Content/VREditor/FloatingText/JointSphere.uasset" 262
"../../../Engine/Content/VREditor/FloatingText/LineSegmentCylinder.uasset" 263
"../../../Engine/Content/VREditor/Fonts/VRText_RobotoLarge.uasset" 264
"../../../Engine/Content/VREditor/Fonts/VRTextMaterial.uasset" 265
"../../../Engine/Content/VREditor/Fonts/TranslucentVRTextMaterial.uasset" 266
"../../../Engine/Content/VREditor/LaserPointer/CursorPointer.uasset" 267
"../../../Engine/Content/VREditor/LaserPointer/VR_LaserPower_01.uasset" 268
"../../../Engine/Content/VREditor/TransformGizmo/TransformGizmoMaterial.uasset" 269
"../../../Engine/Content/VREditor/LaserPointer/HoverMaterial.uasset" 270
"../../../Engine/Content/VREditor/TransformGizmo/TranslucentTransformGizmoMaterial.uasset" 271
"../../../Engine/Content/VREditor/LaserPointer/TranslucentHoverMaterial.uasset" 272
"../../../Engine/Content/VREditor/LaserPointer/HoverMesh.uasset" 273
"../../../Engine/Content/VREditor/LaserPointer/LaserPointerMaterial.uasset" 274
"../../../Engine/Content/VREditor/LaserPointer/LaserPointerMaterialInst.uasset" 275
"../../../Engine/Content/VREditor/LaserPointer/TranslucentLaserPointerMaterialInst.uasset" 276
"../../../Engine/Content/VREditor/LaserPointer/LaserPointerMesh.uasset" 277
"../../../Engine/Content/VREditor/LaserPointer/LaserPointerMesh_End.uasset" 278
"../../../Engine/Content/VREditor/LaserPointer/LaserPointerMesh_Start.uasset" 279
"../../../Engine/Content/Functions/Engine_MaterialFunctions02/Utility/BreakOutFloat3Components.uasset" 280
"../../../Engine/Content/Functions/Engine_MaterialFunctions02/Math/Transform3x3Matrix.uasset" 281
"../../../Engine/Content/Functions/Engine_MaterialFunctions02/SplitComponents.uasset" 282
"../../../Engine/Content/Functions/Engine_MaterialFunctions02/Utility/MakeFloat3.uasset" 283
"../../../Engine/Content/VREditor/SnapGrid/SnapGridMaterial.uasset" 284
"../../../Engine/Content/VREditor/SnapGrid/SnapGridPlaneMesh.uasset" 285
"../../../Engine/Content/VREditor/Sounds/VR_teleport.uasset" 286
"../../../Engine/Content/VREditor/Sounds/UI/Click_on_Button_Cue.uasset" 287
"../../../Engine/Content/VREditor/Sounds/UI/Dockable_Window_Close.uasset" 288
"../../../Engine/Content/VREditor/Sounds/UI/Dockable_Window_Drop.uasset" 289
"../../../Engine/Content/VREditor/Sounds/UI/Dockable_Window_Open.uasset" 290
"../../../Engine/Content/VREditor/Sounds/UI/Dockable_Window_Pick_Up.uasset" 291
"../../../Engine/Content/VREditor/Sounds/UI/Drop_Item_From_ContentBrowser.uasset" 292
"../../../Engine/Content/VREditor/Sounds/UI/Floating_UI_Open-001.uasset" 293
"../../../Engine/Content/VREditor/Sounds/UI/Gizmo_Handle_Clicked.uasset" 294
"../../../Engine/Content/VREditor/Sounds/UI/Object_PickUp.uasset" 295
"../../../Engine/Content/VREditor/Sounds/UI/Object_Snaps_To_Another_Actor.uasset" 296
"../../../Engine/Content/VREditor/Sounds/UI/Object_Snaps_To_Grid.uasset" 297
"../../../Engine/Content/VREditor/Sounds/UI/Radial_Menu_FadeOut.uasset" 298
"../../../Engine/Content/VREditor/Sounds/UI/Scaling_Down.uasset" 299
"../../../Engine/Content/VREditor/Sounds/UI/Scaling_Up.uasset" 300
"../../../Engine/Content/VREditor/Sounds/UI/Selection_Changes.uasset" 301
"../../../Engine/Content/VREditor/Sounds/UI/Teleport_Mode_Entered.uasset" 302
"../../../Engine/Content/VREditor/Teleport/TeleportDirectionMaterial.uasset" 303
"../../../Engine/Content/VREditor/Teleport/TeleportDirectionMaterial_Inst.uasset" 304
"../../../Engine/Content/VREditor/Teleport/TeleportDirectionMesh.uasset" 305
"../../../Engine/Content/VREditor/TransformGizmo/BoundingBoxCorner.uasset" 306
"../../../Engine/Content/VREditor/TransformGizmo/BoundingBoxEdge.uasset" 307
"../../../Engine/Content/VREditor/TransformGizmo/PlaneTranslationHandle.uasset" 308
"../../../Engine/Content/VREditor/TransformGizmo/RotationHandleFull.uasset" 309
"../../../Engine/Content/VREditor/TransformGizmo/RotationHandleIndicator.uasset" 310
"../../../Engine/Content/VREditor/TransformGizmo/RotationHandleQuarter.uasset" 311
"../../../Engine/Content/VREditor/TransformGizmo/Main.uasset" 312
"../../../Engine/Content/VREditor/TransformGizmo/Xray.uasset" 313
"../../../Engine/Content/VREditor/TransformGizmo/SM_Dialog_Close.uasset" 314
"../../../Engine/Content/VREditor/TransformGizmo/SM_Dialog_Move.uasset" 315
"../../../Engine/Content/VREditor/TransformGizmo/SM_Sequencer_Key.uasset" 316
"../../../Engine/Content/VREditor/TransformGizmo/StartRotationHandleIndicator.uasset" 317
"../../../Engine/Content/VREditor/TransformGizmo/TranslucentTransformGizmoMaterial_Inst.uasset" 318
"../../../Engine/Content/VREditor/TransformGizmo/TransformGizmoFreeRotation.uasset" 319
"../../../Engine/Content/VREditor/TransformGizmo/TransformGizmoMaterial_Inst.uasset" 320
"../../../Engine/Content/VREditor/TransformGizmo/TranslateArrowHandle.uasset" 321
"../../../Engine/Content/VREditor/TransformGizmo/UniformScaleHandle.uasset" 322
"../../../Engine/Content/VREditor/UI/KeyDiskMaterial.uasset" 323
"../../../Engine/Content/VREditor/UI/DiscMaterial.uasset" 324
"../../../Engine/Content/VREditor/UI/SM_Radial_Disk.uasset" 325
"../../../Engine/Content/Functions/Engine_MaterialFunctions01/Gradient/RadialGradient.uasset" 326
"../../../Engine/Content/VREditor/WorldMovementGrid/SimpleGrid.uasset" 327
"../../../Engine/Content/VREditor/WorldMovementGrid/GridMaterial.uasset" 328
"../../../Engine/Content/Functions/Engine_MaterialFunctions01/Density/ExponentialDensity.uasset" 329
"../../../Engine/Content/VREditor/WorldMovementGrid/GridPostProcess.uasset" 330
"../../../Engine/Content/EditorLandscapeResources/FlattenHeightMat.uasset" 331
"../../../Engine/Content/VREditor/WorldMovementGrid/PlaneMesh.uasset" 332
"../../../Engine/Plugins/2D/Paper2D/Content/PlaceholderTextures/DummySpriteTexture.uasset" 333
"../../../Engine/Plugins/2D/Paper2D/Content/DummySprite.uasset" 334
"../../../Engine/Plugins/2D/Paper2D/Content/DefaultPaperTerrainMaterial.uasset" 335
"../../../Engine/Plugins/2D/Paper2D/Content/DefaultSpriteMaterial.uasset" 336
"../../../Engine/Plugins/2D/Paper2D/Content/MaskedUnlitSpriteMaterial.uasset" 337
"../../../Engine/Plugins/2D/Paper2D/Content/OpaqueUnlitSpriteMaterial.uasset" 338
"../../../Engine/Plugins/Runtime/Oculus/OculusVR/Content/Textures/GearVRController_AO.uasset" 339
"../../../Engine/Plugins/Runtime/Oculus/OculusVR/Content/Textures/GearVRController_Color.uasset" 340
"../../../Engine/Plugins/Runtime/Oculus/OculusVR/Content/Textures/GearVRController_Normal.uasset" 341
"../../../Engine/Plugins/Runtime/Oculus/OculusVR/Content/Materials/GearVRControllerMaterial.uasset" 342
"../../../Engine/Plugins/Runtime/Oculus/OculusVR/Content/Meshes/GearVrController.uasset" 343
"../../../TestingGrounds/Content/Static/Player/Character/Mesh/SK_Mannequin_Arms_Skeleton.uasset" 344
"../../../TestingGrounds/Content/Dynamic/Character/Animations/FP_AnimationClips/FirstPerson_Idle.uasset" 345
"../../../TestingGrounds/Content/Dynamic/Character/Animations/FP_AnimationClips/FirstPerson_JumpEnd.uasset" 346
"../../../TestingGrounds/Content/Dynamic/Character/Animations/FP_AnimationClips/FirstPerson_JumpLoop.uasset" 347
"../../../TestingGrounds/Content/Dynamic/Character/Animations/FP_AnimationClips/FirstPerson_JumpStart.uasset" 348
"../../../TestingGrounds/Content/Dynamic/Character/Animations/FP_AnimationClips/FirstPerson_Run.uasset" 349
"../../../Engine/Content/EditorBlueprintResources/StandardMacros.uasset" 350
"../../../TestingGrounds/Content/Dynamic/Character/Animations/ABP_FP.uasset" 351
"../../../TestingGrounds/Content/Dynamic/Character/Animations/TP_AnimationClips/Aim_Space_Ironsights.uasset" 352
"../../../TestingGrounds/Content/Dynamic/Character/Animations/AimOffset/AimDown.uasset" 353
"../../../TestingGrounds/Content/Dynamic/Character/Animations/AimOffset/AimForward.uasset" 354
"../../../TestingGrounds/Content/Dynamic/Character/Animations/AimOffset/AimUp.uasset" 355
"../../../TestingGrounds/Content/Dynamic/Character/Animations/TP_AnimationClips/Idle_Rifle_Ironsights.uasset" 356
"../../../TestingGrounds/Content/Dynamic/Character/Animations/AimOffset/AimOffset.uasset" 357
"../../../TestingGrounds/Content/Dynamic/Character/Animations/TP_AnimationClips/Crouch_Idle_Rifle_Hip.uasset" 358
"../../../TestingGrounds/Content/Dynamic/Character/Animations/TP_AnimationClips/Death_3_Duplicate.uasset" 359
"../../../TestingGrounds/Content/Dynamic/Character/Animations/TP_AnimationClips/Idle_Rifle_Hip.uasset" 360
"../../../TestingGrounds/Content/Dynamic/Character/Animations/TP_AnimationClips/Jump_From_Jog.uasset" 361
"../../../TestingGrounds/Content/Dynamic/Character/Animations/TP_AnimationClips/Jump_From_Stand.uasset" 362
"../../../TestingGrounds/Content/Dynamic/Character/Animations/TP_AnimationClips/Walk_Bwd_Rifle_Ironsights.uasset" 363
"../../../TestingGrounds/Content/Dynamic/Character/Animations/TP_AnimationClips/Walk_Fwd_Rifle_Ironsights.uasset" 364
"../../../TestingGrounds/Content/Dynamic/Character/Animations/TP_AnimationClips/Walk_Lt_Rifle_Ironsights.uasset" 365
"../../../TestingGrounds/Content/Dynamic/Character/Animations/TP_AnimationClips/Walk_Rt_Rifle_Ironsights.uasset" 366
"../../../TestingGrounds/Content/Dynamic/Character/Animations/BlendSpaces/BS_AimingWalk.uasset" 367
"../../../TestingGrounds/Content/Dynamic/Character/Animations/TP_AnimationClips/Crouch_Walk_Bwd_Rifle_Hip.uasset" 368
"../../../TestingGrounds/Content/Dynamic/Character/Animations/TP_AnimationClips/Crouch_Walk_Fwd_Rifle_Hip.uasset" 369
"../../../TestingGrounds/Content/Dynamic/Character/Animations/TP_AnimationClips/Crouch_Walk_Lt_Rifle_Hip.uasset" 370
"../../../TestingGrounds/Content/Dynamic/Character/Animations/TP_AnimationClips/Crouch_Walk_Rt_Rifle_Hip.uasset" 371
"../../../TestingGrounds/Content/Dynamic/Character/Animations/BlendSpaces/BS_CrouchWalk.uasset" 372
"../../../TestingGrounds/Content/Dynamic/Character/Animations/TP_AnimationClips/Jog_Bwd_Rifle.uasset" 373
"../../../TestingGrounds/Content/Dynamic/Character/Animations/TP_AnimationClips/Jog_Fwd_Rifle.uasset" 374
"../../../TestingGrounds/Content/Dynamic/Character/Animations/TP_AnimationClips/Jog_Lt_Rifle.uasset" 375
"../../../TestingGrounds/Content/Dynamic/Character/Animations/TP_AnimationClips/Jog_Rt_Rifle.uasset" 376
"../../../TestingGrounds/Content/Dynamic/Character/Animations/BlendSpaces/BS_Jog.uasset" 377
"../../../TestingGrounds/Content/Dynamic/Character/Animations/ABP_TP.uasset" 378
"../../../TestingGrounds/Content/Dynamic/Character/AI/Blueprint/ChooseNextWayPoint.uasset" 379
"../../../TestingGrounds/Content/Dynamic/Character/AI/Blueprint/B_Patrol.uasset" 380
"../../../TestingGrounds/Content/Dynamic/Character/AI/Blueprint/Shoot.uasset" 381
"../../../TestingGrounds/Content/Dynamic/Character/AI/Blueprint/ShootSequence.uasset" 382
"../../../TestingGrounds/Content/Dynamic/Character/AI/Blueprint/ClearBlackboardValue.uasset" 383
"../../../TestingGrounds/Content/Dynamic/Character/AI/Blueprint/SuspicionBehaviour.uasset" 384
"../../../TestingGrounds/Content/Dynamic/Character/AI/Blueprint/IsWithinRange.uasset" 385
"../../../TestingGrounds/Content/Dynamic/Character/AI/Blueprint/SetLastSeenLocation.uasset" 386
"../../../TestingGrounds/Content/Dynamic/Character/AI/Blueprint/GuardBehavior.uasset" 387
"../../../TestingGrounds/Content/Dynamic/Character/AI/Blueprint/NPC_AI_BP.uasset" 388
"../../../TestingGrounds/Content/Dynamic/Character/Animations/FP_AnimationClips/FirstPerson_Fire.uasset" 389
"../../../TestingGrounds/Content/Dynamic/Character/Animations/AM_FPFire.uasset" 390
"../../../TestingGrounds/Content/Dynamic/Character/Animations/TP_AnimationClips/Fire_Rifle_Ironsights.uasset" 391
"../../../TestingGrounds/Content/Dynamic/Character/Animations/AM_TPFire.uasset" 392
"../../../TestingGrounds/Content/Static/Player/Audio/LaserGunSound.uasset" 393
"../../../TestingGrounds/Content/Static/Weapons/FPWeapon/Materials/MaterialLayers/T_ML_Rubber_Blue_01_D.uasset" 394
"../../../TestingGrounds/Content/Static/Weapons/FPWeapon/Materials/MaterialLayers/T_ML_Rubber_Blue_01_N.uasset" 395
"../../../TestingGrounds/Content/Static/Weapons/FPWeapon/Materials/MaterialLayers/ML_GlossyBlack_Latex_UE4.uasset" 396
"../../../TestingGrounds/Content/Static/Weapons/FPWeapon/Materials/MaterialLayers/ML_Plastic_Shiny_Beige.uasset" 397
"../../../TestingGrounds/Content/Static/Weapons/FPWeapon/Materials/MaterialLayers/ML_Screen.uasset" 398
"../../../TestingGrounds/Content/Static/Weapons/FPWeapon/Materials/MaterialLayers/T_ML_Aluminum01.uasset" 399
"../../../TestingGrounds/Content/Static/Weapons/FPWeapon/Materials/MaterialLayers/T_ML_Aluminum01_N.uasset" 400
"../../../TestingGrounds/Content/Static/Weapons/FPWeapon/Materials/MaterialLayers/ML_SoftMetal_UE4.uasset" 401
"../../../TestingGrounds/Content/Static/Weapons/FPWeapon/Textures/T_FPGun_M.uasset" 402
"../../../TestingGrounds/Content/Static/Weapons/FPWeapon/Textures/T_FPGun_N.uasset" 403
"../../../TestingGrounds/Content/Static/Weapons/FPWeapon/Materials/M_FPGun.uasset" 404
"../../../TestingGrounds/Content/Static/Weapons/FPWeapon/Mesh/SK_FPGun_Skeleton.uasset" 405
"../../../TestingGrounds/Content/Static/Weapons/FPWeapon/Mesh/SK_FPGun.uasset" 406
"../../../TestingGrounds/Content/Dynamic/Weapons/FP_Weapons/Behaviour/BP_Gun.uasset" 407
"../../../TestingGrounds/Content/Static/NPC/Character/UE4_Mannequin/Textures/UE4Man_Logo_N.uasset" 408
"../../../TestingGrounds/Content/Static/NPC/Character/UE4_Mannequin/Materials/M_UE4Man_ChestLogo.uasset" 409
"../../../TestingGrounds/Content/Static/NPC/Character/UE4_Mannequin/Mesh/SK_Mannequin_PhysicsAsset.uasset" 410
"../../../TestingGrounds/Content/Static/NPC/Character/UE4_Mannequin/Mesh/SK_Mannequin.uasset" 411
"../../../TestingGrounds/Content/Static/Player/Character/Materials/MaterialLayers/T_ML_Rubber_Blue_01_D.uasset" 412
"../../../TestingGrounds/Content/Static/Player/Character/Materials/MaterialLayers/T_ML_Rubber_Blue_01_N.uasset" 413
"../../../TestingGrounds/Content/Static/Player/Character/Materials/MaterialLayers/ML_GlossyBlack_Latex_UE4.uasset" 414
"../../../TestingGrounds/Content/Static/Player/Character/Materials/MaterialLayers/ML_Plastic_Shiny_Beige.uasset" 415
"../../../TestingGrounds/Content/Static/Player/Character/Materials/MaterialLayers/ML_Plastic_Shiny_Beige_LOGO.uasset" 416
"../../../TestingGrounds/Content/Static/Player/Character/Materials/MaterialLayers/T_ML_Aluminum01.uasset" 417
"../../../TestingGrounds/Content/Static/Player/Character/Materials/MaterialLayers/T_ML_Aluminum01_N.uasset" 418
"../../../TestingGrounds/Content/Static/Player/Character/Materials/MaterialLayers/ML_SoftMetal_UE4.uasset" 419
"../../../TestingGrounds/Content/Static/Player/Character/Textures/UE4_Mannequin__normals.uasset" 420
"../../../TestingGrounds/Content/Static/Player/Character/Textures/UE4_Mannequin_MAT_MASKA.uasset" 421
"../../../TestingGrounds/Content/Static/Player/Character/Materials/M_UE4Man_Body.uasset" 422
"../../../TestingGrounds/Content/Static/Player/Character/Mesh/SK_Mannequin_Arms_PhysicsAsset.uasset" 423
"../../../TestingGrounds/Content/Static/Player/Character/Mesh/SK_Mannequin_Arms.uasset" 424
"../../../TestingGrounds/Content/Dynamic/Character/Behaviour/BP_Character.uasset" 425
"../../../TestingGrounds/Content/Dynamic/Character/Behaviour/BP_PlayerController.uasset" 426
"../../../TestingGrounds/Content/Dynamic/UI/CFWhiteTrash-Regular.uasset" 427
"../../../TestingGrounds/Content/Dynamic/UI/CFWhiteTrash-Regular_Font.uasset" 428
"../../../TestingGrounds/Content/Dynamic/UI/WB_Controls.uasset" 429
"../../../TestingGrounds/Content/Dynamic/UI/WB_Score.uasset" 430
"../../../TestingGrounds/Content/Dynamic/UI/BP_HUD.uasset" 431
"../../../TestingGrounds/Content/Dynamic/BP_InfiniteTerrainGameMode.uasset" 432
"../../../TestingGrounds/Content/Static/TestingGroundPack/IndustryPropsPack4/Textures/Box_D.uasset" 433
"../../../TestingGrounds/Content/Static/TestingGroundPack/IndustryPropsPack4/Textures/Box_N.uasset" 434
"../../../TestingGrounds/Content/Static/TestingGroundPack/IndustryPropsPack4/Textures/Box_SRM.uasset" 435
"../../../TestingGrounds/Content/Static/TestingGroundPack/IndustryPropsPack4/Textures/Dirt2_N.uasset" 436
"../../../TestingGrounds/Content/Static/TestingGroundPack/IndustryPropsPack4/Materials/Box.uasset" 437
"../../../TestingGrounds/Content/Static/TestingGroundPack/IndustryPropsPack4/Meshes/Box2.uasset" 438
"../../../TestingGrounds/Content/Dynamic/Terrain/Props/BP_Box.uasset" 439
"../../../TestingGrounds/Content/Static/TestingGroundPack/IndustryPropsPack4/Textures/Canister_D.uasset" 440
"../../../TestingGrounds/Content/Static/TestingGroundPack/IndustryPropsPack4/Textures/Canister_N.uasset" 441
"../../../TestingGrounds/Content/Static/TestingGroundPack/IndustryPropsPack4/Textures/Canister_SRM.uasset" 442
"../../../TestingGrounds/Content/Static/TestingGroundPack/IndustryPropsPack4/Materials/Canister.uasset" 443
"../../../TestingGrounds/Content/Static/TestingGroundPack/IndustryPropsPack4/Meshes/Canister1.uasset" 444
"../../../TestingGrounds/Content/Dynamic/Terrain/Props/BP_Canister.uasset" 445
"../../../TestingGrounds/Content/Static/TestingGroundPack/IndustryPropsPack4/Textures/Container_D.uasset" 446
"../../../TestingGrounds/Content/Static/TestingGroundPack/IndustryPropsPack4/Textures/Container_N.uasset" 447
"../../../TestingGrounds/Content/Static/TestingGroundPack/IndustryPropsPack4/Textures/Container_SRM.uasset" 448
"../../../TestingGrounds/Content/Static/TestingGroundPack/IndustryPropsPack4/Materials/Container.uasset" 449
"../../../TestingGrounds/Content/Static/TestingGroundPack/IndustryPropsPack4/Meshes/Container.uasset" 450
"../../../TestingGrounds/Content/Static/TestingGroundPack/IndustryPropsPack4/Meshes/ContainerDoorL.uasset" 451
"../../../TestingGrounds/Content/Static/TestingGroundPack/IndustryPropsPack4/Meshes/ContainerDoorR.uasset" 452
"../../../TestingGrounds/Content/Dynamic/Terrain/Props/BP_Container.uasset" 453
"../../../Engine/Content/Functions/MaterialLayerFunctions/MatLayerBlend_OverrideOpacityMask.uasset" 454
"../../../TestingGrounds/Content/Static/TestingGroundPack/RockPackProV1/Rock01/Textures/Rock01_Albedo.uasset" 455
"../../../TestingGrounds/Content/Static/TestingGroundPack/RockPackProV1/Rock01/Textures/Rock01_Normals.uasset" 456
"../../../TestingGrounds/Content/Static/TestingGroundPack/RockPackProV1/Rock01/Textures/Rock01_Occlusion.uasset" 457
"../../../TestingGrounds/Content/Static/TestingGroundPack/RockPackProV1/Textures/RockDetail/Rocks_DetailAlbedo.uasset" 458
"../../../TestingGrounds/Content/Static/TestingGroundPack/RockPackProV1/Rock01/Rock01_Material.uasset" 459
"../../../TestingGrounds/Content/Static/TestingGroundPack/RockPackProV1/Rock01/Rock01_High.uasset" 460
"../../../TestingGrounds/Content/Dynamic/Terrain/Props/BP_Rock01.uasset" 461
"../../../TestingGrounds/Content/Static/TestingGroundPack/RockPackProV1/Rock05/Textures/Rock05_Albedo.uasset" 462
"../../../TestingGrounds/Content/Static/TestingGroundPack/RockPackProV1/Rock05/Textures/Rock05_Normals.uasset" 463
"../../../TestingGrounds/Content/Static/TestingGroundPack/RockPackProV1/Rock05/Textures/Rock05_Occlusion.uasset" 464
"../../../TestingGrounds/Content/Static/TestingGroundPack/RockPackProV1/Rock05/Rock05_Material.uasset" 465
"../../../TestingGrounds/Content/Static/TestingGroundPack/RockPackProV1/Rock05/Rock05_High.uasset" 466
"../../../TestingGrounds/Content/Dynamic/Terrain/Props/BP_Rock05.uasset" 467
"../../../TestingGrounds/Content/Static/TestingGroundPack/RockPackProV1/Rock17/Textures/Rock17_Albedo.uasset" 468
"../../../TestingGrounds/Content/Static/TestingGroundPack/RockPackProV1/Rock17/Textures/Rock17_Normals.uasset" 469
"../../../TestingGrounds/Content/Static/TestingGroundPack/RockPackProV1/Rock17/Textures/Rock17_Occlusion.uasset" 470
"../../../TestingGrounds/Content/Static/TestingGroundPack/RockPackProV1/Rock17/Rock17_Material.uasset" 471
"../../../TestingGrounds/Content/Static/TestingGroundPack/RockPackProV1/Rock17/Rock17_High.uasset" 472
"../../../TestingGrounds/Content/Dynamic/Terrain/Props/BP_Rock17.uasset" 473
"../../../TestingGrounds/Content/Dynamic/Terrain/Props/BP_Sack2.uasset" 474
"../../../TestingGrounds/Content/Static/Geometry/Meshes/Barrier.uasset" 475
"../../../TestingGrounds/Content/Dynamic/Terrain/MI_Barrier_Green.uasset" 476
"../../../TestingGrounds/Content/Dynamic/Terrain/MI_Barrier_Red.uasset" 477
"../../../TestingGrounds/Content/Static/TestingGroundPack/GrassPack/Textures/BaseTextures/base_flat_n.uasset" 478
"../../../TestingGrounds/Content/Static/TestingGroundPack/GrassPack/Textures/BaseTextures/base_gray_d.uasset" 479
"../../../TestingGrounds/Content/Static/TestingGroundPack/GrassPack/Materials/BaseMaterial/bese_material.uasset" 480
"../../../TestingGrounds/Content/Static/TestingGroundPack/GrassPack/Textures/Ground_D.uasset" 481
"../../../TestingGrounds/Content/Static/TestingGroundPack/GrassPack/Textures/Ground_N.uasset" 482
"../../../TestingGrounds/Content/Static/TestingGroundPack/GrassPack/Materials/Ground.uasset" 483
"../../../TestingGrounds/Content/Dynamic/Terrain/S_GroundPlane.uasset" 484
"../../../TestingGrounds/Content/Static/Geometry/Meshes/1M_Cube.uasset" 485
"../../../Engine/Content/Functions/Engine_MaterialFunctions01/Gradient/LinearGradient.uasset" 486
"../../../Engine/Content/Functions/Engine_MaterialFunctions01/Shading/FuzzyShadingGrass.uasset" 487
"../../../Engine/Content/Functions/Engine_MaterialFunctions01/WorldPositionOffset/SimpleGrassWind.uasset" 488
"../../../TestingGrounds/Content/Static/TestingGroundPack/GrassPack/Textures/BaseTextures/Mask1.uasset" 489
"../../../TestingGrounds/Content/Static/TestingGroundPack/GrassPack/Materials/BaseMaterial/Flora_twoSides.uasset" 490
"../../../TestingGrounds/Content/Static/TestingGroundPack/GrassPack/Textures/Grass_D.uasset" 491
"../../../TestingGrounds/Content/Static/TestingGroundPack/GrassPack/Textures/Grass_N.uasset" 492
"../../../TestingGrounds/Content/Static/TestingGroundPack/GrassPack/Materials/grass.uasset" 493
"../../../TestingGrounds/Content/Static/TestingGroundPack/GrassPack/Meshes/grass01.uasset" 494
"../../../TestingGrounds/Content/Static/TestingGroundPack/GrassPack/Textures/Grass2_D.uasset" 495
"../../../TestingGrounds/Content/Static/TestingGroundPack/GrassPack/Textures/Grass2_N.uasset" 496
"../../../TestingGrounds/Content/Static/TestingGroundPack/GrassPack/Materials/grass2.uasset" 497
"../../../TestingGrounds/Content/Static/TestingGroundPack/GrassPack/Meshes/grass02.uasset" 498
"../../../TestingGrounds/Content/Static/TestingGroundPack/GrassPack/Textures/Grass5_D.uasset" 499
"../../../TestingGrounds/Content/Static/TestingGroundPack/GrassPack/Textures/Grass5_N.uasset" 500
"../../../TestingGrounds/Content/Static/TestingGroundPack/GrassPack/Materials/grass5.uasset" 501
"../../../TestingGrounds/Content/Static/TestingGroundPack/GrassPack/Meshes/grass05.uasset" 502
"../../../TestingGrounds/Content/Dynamic/Terrain/BP_Tile.uasset" 503
"../../../Engine/Content/EngineSky/C_Sky_Cloud_Color.uasset" 504
"../../../Engine/Content/EngineSky/C_Sky_Horizon_Color.uasset" 505
"../../../Engine/Content/EngineSky/C_Sky_Zenith_Color.uasset" 506
"../../../Engine/Content/EngineSky/T_Sky_Blue.uasset" 507
"../../../Engine/Content/EngineSky/T_Sky_Clouds_M.uasset" 508
"../../../Engine/Content/EngineSky/T_Sky_Stars.uasset" 509
"../../../Engine/Content/EngineSky/M_Sky_Panning_Clouds2.uasset" 510
"../../../Engine/Content/EngineSky/SM_SkySphere.uasset" 511
"../../../Engine/Content/EngineSky/BP_Sky_Sphere.uasset" 512
"../../../TestingGrounds/Content/Dynamic/Levels/FirstPersonExampleMap_BuiltData.uasset" 513
"../../../Engine/Content/BasicShapes/Cube.uasset" 514
"../../../TestingGrounds/Content/Static/Audio/Theyre-Closing-In_Looping__1_.uasset" 515
"../../../TestingGrounds/Content/Static/Audio/Theyre_Closing_In_Loop_Cue.uasset" 516
"../../../TestingGrounds/Content/Dynamic/Levels/FirstPersonExampleMap.umap" 517
"../../../Engine/Content/Maps/Entry.umap" 518
